Umgebung beim Start des Buildvorgangs:
ALLUSERSPROFILE = C:\ProgramData
ANDROID_SDK_HOME = C:\Android
APPDATA = C:\Users\Patrick\AppData\Roaming
ChocolateyInstall = C:\ProgramData\chocolatey
ChocolateyLastPathUpdate = 132319681596169636
CommonProgramFiles = C:\Program Files (x86)\Common Files
CommonProgramFiles(x86) = C:\Program Files (x86)\Common Files
CommonProgramW6432 = C:\Program Files\Common Files
COMPUTERNAME = DESKTOP-LFB5LBB
ComSpec = C:\WINDOWS\system32\cmd.exe
DriverData = C:\Windows\System32\Drivers\DriverData
FPS_BROWSER_APP_PROFILE_STRING = Internet Explorer
FPS_BROWSER_USER_PROFILE_STRING = Default
HOMEDRIVE = C:
HOMEPATH = \Users\Patrick
IntelliJ IDEA = C:\Program Files\JetBrains\IntelliJ IDEA 2020.1\bin;
IntelliJ IDEA Community Edition = C:\Program Files\JetBrains\IntelliJ IDEA Community Edition 2019.2.4\bin;
JAVA_HOME = C:\Program Files\JDK11
JD2_HOME = C:\Users\Patrick\AppData\Local\JDownloader 2.0
LOCALAPPDATA = C:\Users\Patrick\AppData\Local
LOGONSERVER = \\DESKTOP-LFB5LBB
MSBuildLoadMicrosoftTargetsReadOnly = true
MSMPI_BENCHMARKS = C:\Program Files\Microsoft MPI\Benchmarks\
MSMPI_BIN = C:\Program Files\Microsoft MPI\Bin\
MSMPI_INC = C:\Program Files (x86)\Microsoft SDKs\MPI\Include\
MSMPI_LIB32 = C:\Program Files (x86)\Microsoft SDKs\MPI\Lib\x86\
MSMPI_LIB64 = C:\Program Files (x86)\Microsoft SDKs\MPI\Lib\x64\
NUMBER_OF_PROCESSORS = 6
OneDrive = C:\Users\Patrick\OneDrive
OneDriveConsumer = C:\Users\Patrick\OneDrive
OS = Windows_NT
Path = C:\Program Files\Microsoft MPI\Bin\;C:\WINDOWS\system32;C:\WINDOWS;C:\WINDOWS\System32\Wbem;C:\WINDOWS\System32\WindowsPowerShell\v1.0\;C:\WINDOWS\System32\OpenSSH\;C:\Program Files (x86)\NVIDIA Corporation\PhysX\Common;C:\Program Files\NVIDIA Corporation\NVIDIA NvDLISR;C:\WINDOWS\system32;C:\WINDOWS;C:\WINDOWS\System32\Wbem;C:\WINDOWS\System32\WindowsPowerShell\v1.0\;C:\WINDOWS\System32\OpenSSH\;C:\LLVM\bin;C:\Program Files\dotnet\;C:\Android;C:\Windows\System32;C:\Program Files\Git\cmd;C:\Program Files\CMake\bin;C:\Program Files\nodejs\;C:\Program Files\JDK11\bin;C:\Program Files (x86)\Common Files\Oracle\Java\javapath;C:\Users\Patrick\.cargo\bin;C:\Users\Patrick\AppData\Local\Microsoft\WindowsApps;C:\MinGW\bin;C:\Program Files (x86)\nasm;C:\Program Files (x86)\Microsoft Visual Studio\2017\Community\VC\Tools\MSVC\14.15.26726\bin\Hostx64\x64;C:\Users\Patrick\AppData\Local\atom\bin;C:\Users\Patrick\AppData\Local\Programs\Microsoft VS Code\bin;C:\Users\Patrick\AppData\Local\Microsoft\WindowsApps;C:\Program Files\Maven\bin;C:\Program Files\JetBrains\IntelliJ IDEA Community Edition 2019.2.4\bin;;C:\Program Files\JetBrains\IntelliJ IDEA 2020.1\bin;;C:\Program Files\mingw-w64\x86_64-8.1.0-posix-seh-rt_v6-rev0\mingw64\bin;C:\Users\Patrick\.dotnet\tools;C:\Users\Patrick\Python\Python39;C:\Users\Patrick\Python\Python39\Scripts;C:\vcpkg;
PATHEXT = .COM;.EXE;.BAT;.CMD;.VBS;.VBE;.JS;.JSE;.WSF;.WSH;.MSC
PkgDefApplicationConfigFile = C:\Users\Patrick\AppData\Local\Microsoft\VisualStudio\16.0_2d768764\devenv.exe.config
PROCESSOR_ARCHITECTURE = x86
PROCESSOR_ARCHITEW6432 = AMD64
PROCESSOR_IDENTIFIER = Intel64 Family 6 Model 158 Stepping 10, GenuineIntel
PROCESSOR_LEVEL = 6
PROCESSOR_REVISION = 9e0a
ProgramData = C:\ProgramData
ProgramFiles = C:\Program Files (x86)
ProgramFiles(x86) = C:\Program Files (x86)
ProgramW6432 = C:\Program Files
PSModulePath = C:\Program Files\WindowsPowerShell\Modules;C:\WINDOWS\system32\WindowsPowerShell\v1.0\Modules
PUBLIC = C:\Users\Public
ServiceHubLogSessionKey = D644BB17
SESSIONNAME = Console
SystemDrive = C:
SystemRoot = C:\WINDOWS
TEMP = C:\Users\Patrick\AppData\Local\Temp
ThreadedWaitDialogDpiContext = -4
TMP = C:\Users\Patrick\AppData\Local\Temp
USERDOMAIN = DESKTOP-LFB5LBB
USERDOMAIN_ROAMINGPROFILE = DESKTOP-LFB5LBB
USERNAME = Patrick
USERPROFILE = C:\Users\Patrick
VBOX_MSI_INSTALL_PATH = C:\Program Files\Oracle\VirtualBox\
VisualStudioDir = C:\Users\Patrick\Documents\Visual Studio 2019
VisualStudioEdition = Microsoft Visual Studio Community 2019
VisualStudioVersion = 16.0
VSAPPIDDIR = C:\Program Files (x86)\Microsoft Visual Studio\2019\Community\Common7\IDE\
VSAPPIDNAME = devenv.exe
VSLANG = 1031
VSLS_SESSION_KEEPALIVE_INTERVAL = 20
VSSKUEDITION = Community
windir = C:\WINDOWS

cl : befehlszeile warning D9002: Unbekannte Option "/hotpatch" wird ignoriert.
  QuadTree.cpp
C:\Users\Patrick\Repos\Spiel\Spiel\SpielMappe\Spiel\src\engine\UIContext.hpp(27,42): warning C4244: "Argument": Konvertierung von "int32_t" in "float", möglicher Datenverlust
C:\Users\Patrick\Repos\Spiel\Spiel\SpielMappe\Spiel\src\engine\JobManager.hpp(163,27): warning C4018: "<": Konflikt zwischen "signed" und "unsigned"
C:\Users\Patrick\Repos\Spiel\Spiel\SpielMappe\Spiel\src\game\collision\QuadTree.cpp(243,20): warning C4244: "Argument": Konvertierung von "uint64_t" in "const _Ty", möglicher Datenverlust
          with
          [
              _Ty=Tag
          ]
C:\Users\Patrick\Repos\Spiel\Spiel\SpielMappe\Spiel\src\engine\EntityComponentStorage.hpp(182,1): warning C4267: "Argument": Konvertierung von "size_t" nach "EntityHandleIndex", Datenverlust möglich
C:\Users\Patrick\Repos\Spiel\Spiel\SpielMappe\Spiel\src\engine\EntityComponentStorage.hpp(178): message : beim Kompilieren der Klasse Vorlage-Memberfunktion "void ComponentStoragePagedIndexing<T>::updateMaxEntNum(size_t)"
          with
          [
              T=UIFrame
          ]
C:\Users\Patrick\Repos\Spiel\Spiel\SpielMappe\Spiel\src\engine\UIReflect.hpp(30): message : Siehe Verweis auf die gerade kompilierte Instanziierung "void ComponentStoragePagedIndexing<T>::updateMaxEntNum(size_t)" der Funktions-Vorlage.
          with
          [
              T=UIFrame
          ]
C:\Users\Patrick\Repos\Spiel\Spiel\SpielMappe\Spiel\src\engine\UIReflect.hpp(71): message : Siehe Verweis auf die gerade kompilierte Klasse Vorlage-Instanziierung "ComponentStoragePagedIndexing<T>".
          with
          [
              T=UIFrame
          ]
C:\Program Files (x86)\Microsoft Visual Studio\2019\Community\VC\Tools\MSVC\14.27.29110\include\tuple(181): message : Siehe Verweis auf die gerade kompilierte Klasse Vorlage-Instanziierung "UIContainer<UIFrame>".
C:\Program Files (x86)\Microsoft Visual Studio\2019\Community\VC\Tools\MSVC\14.27.29110\include\tuple(695): message : Siehe Verweis auf die gerade kompilierte Klasse Vorlage-Instanziierung "std::_Tuple_val<_This>".
          with
          [
              _This=UIContainer<UIFrame>
          ]
C:\Users\Patrick\Repos\Spiel\Spiel\SpielMappe\Spiel\src\engine\UIManager.hpp(125): message : Siehe Verweis auf die gerade kompilierte Klasse Vorlage-Instanziierung "std::tuple<UIContainer<UIFrame>,UIContainer<UIText>,UIContainer<UIButton>,UIContainer<UIBar>,UIContainer<UIPair>,UIContainer<UIList8>,UIContainer<UIList16>,UIContainer<UIList32>,UIContainer<UIList32>,UIContainer<UIField8>,UIContainer<UIField16>,UIContainer<UIField32>,UIContainer<UIField32>,UIContainer<UISeperator>,UIContainer<UICollapsable>>".
C:\Users\Patrick\Repos\Spiel\Spiel\SpielMappe\Spiel\src\engine\EntityComponentStorage.hpp(183,1): warning C4267: "Argument": Konvertierung von "size_t" nach "EntityHandleIndex", Datenverlust möglich
C:\Users\Patrick\Repos\Spiel\Spiel\SpielMappe\Spiel\src\engine\EntityComponentManagerView.hpp(266,1): warning C4267: "Initialisierung": Konvertierung von "size_t" nach "const int", Datenverlust möglich
C:\Users\Patrick\Repos\Spiel\Spiel\SpielMappe\Spiel\src\engine\EntityComponentManagerView.hpp(156): message : Siehe Verweis auf die gerade kompilierte Instanziierung "auto &SubEntityComponentManager<ComponentStoragePagedIndexing<Transform>,ComponentStoragePagedIndexing<Collider>,ComponentStoragePagedIndexing<CollisionsToken>>::storage<CompType>(void)" der Funktions-Vorlage.
          with
          [
              CompType=Transform
          ]
C:\Users\Patrick\Repos\Spiel\Spiel\SpielMappe\Spiel\src\game\collision\collision_detection.hpp(153): message : Siehe Verweis auf die gerade kompilierte Instanziierung "CompType &SubEntityComponentManager<ComponentStoragePagedIndexing<CompType>,ComponentStoragePagedIndexing<Collider>,ComponentStoragePagedIndexing<CollisionsToken>>::getComp<Transform>(EntityHandleIndex)" der Funktions-Vorlage.
          with
          [
              CompType=Transform
          ]
C:\Users\Patrick\Repos\Spiel\Spiel\SpielMappe\Spiel\src\game\collision\collision_detection.hpp(153): message : Siehe Verweis auf die gerade kompilierte Instanziierung "CompType &SubEntityComponentManager<ComponentStoragePagedIndexing<CompType>,ComponentStoragePagedIndexing<Collider>,ComponentStoragePagedIndexing<CollisionsToken>>::getComp<Transform>(EntityHandleIndex)" der Funktions-Vorlage.
          with
          [
              CompType=Transform
          ]
C:\Users\Patrick\Repos\Spiel\Spiel\SpielMappe\Spiel\src\engine\JobSystem.hpp(29,16): warning C4244: "Initialisierung": Konvertierung von "uint64_t" in "uint32_t", möglicher Datenverlust
C:\Users\Patrick\Repos\Spiel\Spiel\SpielMappe\Spiel\src\game\collision\QuadTree.cpp(241): message : Siehe Verweis auf die gerade kompilierte Instanziierung "uint64_t JobSystem::submit<Quadtree::broadInsert::InsertJob>(TJob &&)" der Funktions-Vorlage.
          with
          [
              TJob=Quadtree::broadInsert::InsertJob
          ]
  Spiel.vcxproj -> C:\Users\Patrick\Repos\Spiel\Spiel\SpielMappe\x64\Debug\Spiel.exe
